2020-07-20 04:51:34,686-DEBUG-b'\r'
2020-07-20 04:52:18,422-DEBUG-b'Password'
2020-07-20 04:54:01,502-DEBUG-7
2020-07-20 04:55:04,561-DEBUG-7
2020-07-20 04:55:04,562-DEBUG-b': \r\nLast login: Mon Jul 20 03:52:52 2020 from 192.168.0.101\r\r\n\x1b[5nArista1'
2020-07-20 04:55:04,562-DEBUG-b'>'
2020-07-20 04:55:04,562-DEBUG-/usr/bin/ssh
2020-07-20 04:59:15,734-DEBUG-b'\r'
2020-07-20 04:59:16,554-DEBUG-b': \r\nLast login: Mon Jul 20 03:53:52 2020 from 192.168.0.101\r\r\n\x1b[5nArista1'
2020-07-20 04:59:16,618-DEBUG-b'enable\r\nArista1'
2020-07-20 04:59:16,714-DEBUG-b'term len 0\r\nPagination disabled.\r\nArista1'
2020-07-20 04:59:16,817-DEBUG-b'config t\r\nArista1(config)'
2020-07-20 04:59:16,871-DEBUG-b'config t\r\nArista1(config)'
2020-07-20 04:59:16,922-DEBUG-b'config t\r\nArista1(config)'
2020-07-20 04:59:16,974-DEBUG-b'config t\r\nArista1(config)'
2020-07-20 04:59:17,025-DEBUG-b'config t\r\nArista1(config)'
2020-07-20 04:59:17,077-DEBUG-b'config t\r\nArista1(config)'
2020-07-20 04:59:17,127-DEBUG-b'config t\r\nArista1(config)'
2020-07-20 04:59:17,178-DEBUG-b'config t\r\nArista1(config)'
2020-07-20 04:59:17,229-DEBUG-b'config t\r\nArista1(config)'
2020-07-20 04:59:17,280-DEBUG-b'config t\r\nArista1(config)'
2020-07-20 04:59:17,331-DEBUG-b'config t\r\nArista1(config)'
2020-07-20 04:59:17,381-DEBUG-b'config t\r\nArista1(config)'
2020-07-20 04:59:17,436-DEBUG-b'config t\r\nArista1(config)'
2020-07-20 04:59:17,492-DEBUG-b'config t\r\nArista1(config)'
2020-07-20 04:59:17,542-DEBUG-b'config t\r\nArista1(config)'
2020-07-20 04:59:17,593-DEBUG-b'config t\r\nArista1(config)'
2020-07-20 04:59:17,644-DEBUG-b'config t\r\nArista1(config)'
2020-07-20 04:59:17,697-DEBUG-b'config t\r\nArista1(config)'
2020-07-20 04:59:17,747-DEBUG-b'config t\r\nArista1(config)'
2020-07-20 04:59:17,798-DEBUG-b'config t\r\nArista1(config)'
2020-07-20 04:59:17,850-DEBUG-b'config t\r\nArista1(config)'
2020-07-20 04:59:17,952-DEBUG-b'vlan 1\r\nArista1(config-vlan-1)'
2020-07-20 04:59:18,008-DEBUG-b'vlan 2\r\nArista1(config-vlan-2)'
2020-07-20 05:00:39,318-INFO-b'\r'
2020-07-20 05:00:40,134-INFO-b': \r\nLast login: Mon Jul 20 03:57:55 2020 from 192.168.0.101\r\r\n\x1b[5nArista1'
2020-07-20 05:00:40,197-INFO-b'enable\r\nArista1'
2020-07-20 05:00:40,294-INFO-b'term len 0\r\nPagination disabled.\r\nArista1'
2020-07-20 05:00:40,395-INFO-b'config t\r\nArista1(config)'
2020-07-20 05:00:40,447-INFO-b'config t\r\nArista1(config)'
2020-07-20 05:00:40,497-INFO-b'config t\r\nArista1(config)'
2020-07-20 05:00:40,548-INFO-b'config t\r\nArista1(config)'
2020-07-20 05:00:40,600-INFO-b'config t\r\nArista1(config)'
2020-07-20 05:00:40,652-INFO-b'config t\r\nArista1(config)'
2020-07-20 05:00:40,704-INFO-b'config t\r\nArista1(config)'
2020-07-20 05:00:40,755-INFO-b'config t\r\nArista1(config)'
2020-07-20 05:00:40,806-INFO-b'config t\r\nArista1(config)'
2020-07-20 05:00:40,858-INFO-b'config t\r\nArista1(config)'
2020-07-20 05:00:40,910-INFO-b'config t\r\nArista1(config)'
2020-07-20 05:00:40,960-INFO-b'config t\r\nArista1(config)'
2020-07-20 05:00:41,012-INFO-b'config t\r\nArista1(config)'
2020-07-20 05:00:41,066-INFO-b'config t\r\nArista1(config)'
2020-07-20 05:00:41,116-INFO-b'config t\r\nArista1(config)'
2020-07-20 05:00:41,167-INFO-b'config t\r\nArista1(config)'
2020-07-20 05:00:41,218-INFO-b'config t\r\nArista1(config)'
2020-07-20 05:00:41,269-INFO-b'config t\r\nArista1(config)'
2020-07-20 05:00:41,320-INFO-b'config t\r\nArista1(config)'
2020-07-20 05:00:41,370-INFO-b'config t\r\nArista1(config)'
2020-07-20 05:00:41,422-INFO-b'config t\r\nArista1(config)'
2020-07-20 05:00:41,559-INFO-b'vlan 1\r\nArista1(config-vlan-1)'
2020-07-20 05:00:41,611-INFO-b'vlan 2\r\nArista1(config-vlan-2)'
2020-07-20 05:01:25,198-WARNING-b'\r'
2020-07-20 05:01:26,032-WARNING-b': \r\nLast login: Mon Jul 20 03:59:15 2020 from 192.168.0.101\r\r\n\x1b[5nArista1'
2020-07-20 05:01:26,118-WARNING-b'enable\r\nArista1'
2020-07-20 05:01:26,241-WARNING-b'term len 0\r\nPagination disabled.\r\nArista1'
2020-07-20 05:01:26,358-WARNING-b'config t\r\nArista1(config)'
2020-07-20 05:01:26,411-WARNING-b'config t\r\nArista1(config)'
2020-07-20 05:01:26,463-WARNING-b'config t\r\nArista1(config)'
2020-07-20 05:01:26,519-WARNING-b'config t\r\nArista1(config)'
2020-07-20 05:01:26,573-WARNING-b'config t\r\nArista1(config)'
2020-07-20 05:01:26,624-WARNING-b'config t\r\nArista1(config)'
2020-07-20 05:01:26,677-WARNING-b'config t\r\nArista1(config)'
2020-07-20 05:01:26,728-WARNING-b'config t\r\nArista1(config)'
2020-07-20 05:01:26,779-WARNING-b'config t\r\nArista1(config)'
2020-07-20 05:01:26,831-WARNING-b'config t\r\nArista1(config)'
2020-07-20 05:01:26,883-WARNING-b'config t\r\nArista1(config)'
2020-07-20 05:01:26,934-WARNING-b'config t\r\nArista1(config)'
2020-07-20 05:01:26,990-WARNING-b'config t\r\nArista1(config)'
2020-07-20 05:01:27,043-WARNING-b'config t\r\nArista1(config)'
2020-07-20 05:01:27,093-WARNING-b'config t\r\nArista1(config)'
2020-07-20 05:01:27,145-WARNING-b'config t\r\nArista1(config)'
2020-07-20 05:01:27,197-WARNING-b'config t\r\nArista1(config)'
2020-07-20 05:01:27,249-WARNING-b'config t\r\nArista1(config)'
2020-07-20 05:01:27,299-WARNING-b'config t\r\nArista1(config)'
2020-07-20 05:01:27,360-WARNING-b'config t\r\nArista1(config)'
2020-07-20 05:01:27,415-WARNING-b'config t\r\nArista1(config)'
2020-07-20 05:01:27,518-WARNING-b'vlan 1\r\nArista1(config-vlan-1)'
2020-07-20 05:01:27,581-WARNING-b'vlan 2\r\nArista1(config-vlan-2)'
2020-07-20 05:01:59,279-ERROR-b'\r'
2020-07-20 05:02:00,105-ERROR-b': \r\nLast login: Mon Jul 20 03:59:59 2020 from 192.168.0.101\r\r\n\x1b[5nArista1'
2020-07-20 05:02:00,175-ERROR-b'enable\r\nArista1'
2020-07-20 05:02:00,293-ERROR-b'term len 0\r\nPagination disabled.\r\nArista1'
2020-07-20 05:02:00,393-ERROR-b'config t\r\nArista1(config)'
2020-07-20 05:02:00,446-ERROR-b'config t\r\nArista1(config)'
2020-07-20 05:02:00,501-ERROR-b'config t\r\nArista1(config)'
2020-07-20 05:02:00,559-ERROR-b'config t\r\nArista1(config)'
2020-07-20 05:02:00,613-ERROR-b'config t\r\nArista1(config)'
2020-07-20 05:02:00,665-ERROR-b'config t\r\nArista1(config)'
2020-07-20 05:02:00,716-ERROR-b'config t\r\nArista1(config)'
2020-07-20 05:02:00,767-ERROR-b'config t\r\nArista1(config)'
2020-07-20 05:02:00,821-ERROR-b'config t\r\nArista1(config)'
2020-07-20 05:02:00,872-ERROR-b'config t\r\nArista1(config)'
2020-07-20 05:02:00,925-ERROR-b'config t\r\nArista1(config)'
2020-07-20 05:02:00,976-ERROR-b'config t\r\nArista1(config)'
2020-07-20 05:02:01,026-ERROR-b'config t\r\nArista1(config)'
2020-07-20 05:02:01,079-ERROR-b'config t\r\nArista1(config)'
2020-07-20 05:02:01,129-ERROR-b'config t\r\nArista1(config)'
2020-07-20 05:02:01,181-ERROR-b'config t\r\nArista1(config)'
2020-07-20 05:02:01,231-ERROR-b'config t\r\nArista1(config)'
2020-07-20 05:02:01,283-ERROR-b'config t\r\nArista1(config)'
2020-07-20 05:02:01,334-ERROR-b'config t\r\nArista1(config)'
2020-07-20 05:02:01,385-ERROR-b'config t\r\nArista1(config)'
2020-07-20 05:02:01,435-ERROR-b'config t\r\nArista1(config)'
2020-07-20 05:02:01,541-ERROR-b'vlan 1\r\nArista1(config-vlan-1)'
2020-07-20 05:02:01,592-ERROR-b'vlan 2\r\nArista1(config-vlan-2)'
2020-07-20 05:02:29,548-CRITICAL-b'\r'
2020-07-20 05:02:30,395-CRITICAL-b': \r\nLast login: Mon Jul 20 04:00:32 2020 from 192.168.0.101\r\r\n\x1b[5nArista1'
2020-07-20 05:02:30,479-CRITICAL-b'enable\r\nArista1'
2020-07-20 05:02:30,576-CRITICAL-b'term len 0\r\nPagination disabled.\r\nArista1'
2020-07-20 05:02:30,676-CRITICAL-b'config t\r\nArista1(config)'
2020-07-20 05:02:30,728-CRITICAL-b'config t\r\nArista1(config)'
2020-07-20 05:02:30,780-CRITICAL-b'config t\r\nArista1(config)'
2020-07-20 05:02:30,830-CRITICAL-b'config t\r\nArista1(config)'
2020-07-20 05:02:30,881-CRITICAL-b'config t\r\nArista1(config)'
2020-07-20 05:02:30,932-CRITICAL-b'config t\r\nArista1(config)'
2020-07-20 05:02:30,982-CRITICAL-b'config t\r\nArista1(config)'
2020-07-20 05:02:31,033-CRITICAL-b'config t\r\nArista1(config)'
2020-07-20 05:02:31,084-CRITICAL-b'config t\r\nArista1(config)'
2020-07-20 05:02:31,135-CRITICAL-b'config t\r\nArista1(config)'
2020-07-20 05:02:31,186-CRITICAL-b'config t\r\nArista1(config)'
2020-07-20 05:02:31,238-CRITICAL-b'config t\r\nArista1(config)'
2020-07-20 05:02:31,289-CRITICAL-b'config t\r\nArista1(config)'
2020-07-20 05:02:31,342-CRITICAL-b'config t\r\nArista1(config)'
2020-07-20 05:02:31,394-CRITICAL-b'config t\r\nArista1(config)'
2020-07-20 05:02:31,444-CRITICAL-b'config t\r\nArista1(config)'
2020-07-20 05:02:31,496-CRITICAL-b'config t\r\nArista1(config)'
2020-07-20 05:02:31,547-CRITICAL-b'config t\r\nArista1(config)'
2020-07-20 05:02:31,597-CRITICAL-b'config t\r\nArista1(config)'
2020-07-20 05:02:31,648-CRITICAL-b'config t\r\nArista1(config)'
2020-07-20 05:02:31,698-CRITICAL-b'config t\r\nArista1(config)'
2020-07-20 05:02:31,800-CRITICAL-b'vlan 1\r\nArista1(config-vlan-1)'
2020-07-20 05:02:31,852-CRITICAL-b'vlan 2\r\nArista1(config-vlan-2)'
2020-07-20 05:04:08,538-DEBUG-b'\r'
2020-07-20 05:04:09,362-DEBUG-b': \r\nLast login: Mon Jul 20 04:01:01 2020 from 192.168.0.101\r\r\n\x1b[5nArista1'
2020-07-20 05:04:09,431-DEBUG-b'enable\r\nArista1'
2020-07-20 05:04:09,532-DEBUG-b'term len 0\r\nPagination disabled.\r\nArista1'
2020-07-20 05:04:09,629-DEBUG-b'config t\r\nArista1(config)'
2020-07-20 05:04:09,683-DEBUG-b'config t\r\nArista1(config)'
2020-07-20 05:04:09,734-DEBUG-b'config t\r\nArista1(config)'
2020-07-20 05:04:09,786-DEBUG-b'config t\r\nArista1(config)'
2020-07-20 05:04:09,838-DEBUG-b'config t\r\nArista1(config)'
2020-07-20 05:04:09,888-DEBUG-b'config t\r\nArista1(config)'
2020-07-20 05:04:09,939-DEBUG-b'config t\r\nArista1(config)'
2020-07-20 05:04:09,991-DEBUG-b'config t\r\nArista1(config)'
2020-07-20 05:04:10,042-DEBUG-b'config t\r\nArista1(config)'
2020-07-20 05:04:10,093-DEBUG-b'config t\r\nArista1(config)'
2020-07-20 05:04:10,143-DEBUG-b'config t\r\nArista1(config)'
2020-07-20 05:04:10,194-DEBUG-b'config t\r\nArista1(config)'
2020-07-20 05:04:10,245-DEBUG-b'config t\r\nArista1(config)'
2020-07-20 05:04:10,296-DEBUG-b'config t\r\nArista1(config)'
2020-07-20 05:04:10,346-DEBUG-b'config t\r\nArista1(config)'
2020-07-20 05:04:10,397-DEBUG-b'config t\r\nArista1(config)'
2020-07-20 05:04:10,448-DEBUG-b'config t\r\nArista1(config)'
2020-07-20 05:04:10,499-DEBUG-b'config t\r\nArista1(config)'
2020-07-20 05:04:10,551-DEBUG-b'config t\r\nArista1(config)'
2020-07-20 05:04:10,603-DEBUG-b'config t\r\nArista1(config)'
2020-07-20 05:04:10,654-DEBUG-b'config t\r\nArista1(config)'
2020-07-20 05:04:10,794-DEBUG-b'vlan 1\r\nArista1(config-vlan-1)'
2020-07-20 05:04:10,844-DEBUG-b'vlan 2\r\nArista1(config-vlan-2)'
2020-07-20 05:06:09,483-DEBUG-b'\r'
2020-07-20 05:06:10,308-DEBUG-b': \r\nLast login: Mon Jul 20 04:02:36 2020 from 192.168.0.101\r\r\n\x1b[5nArista1'
2020-07-20 05:06:10,372-DEBUG-b'enable\r\nArista1'
2020-07-20 05:06:10,469-DEBUG-b'term len 0\r\nPagination disabled.\r\nArista1'
2020-07-20 05:06:10,581-DEBUG-b'config t\r\nArista1(config)'
2020-07-20 05:06:10,632-DEBUG-b'config t\r\nArista1(config)'
2020-07-20 05:06:10,689-DEBUG-b'config t\r\nArista1(config)'
2020-07-20 05:06:10,742-DEBUG-b'config t\r\nArista1(config)'
2020-07-20 05:06:10,795-DEBUG-b'config t\r\nArista1(config)'
2020-07-20 05:06:10,847-DEBUG-b'config t\r\nArista1(config)'
2020-07-20 05:06:10,899-DEBUG-b'config t\r\nArista1(config)'
2020-07-20 05:06:10,950-DEBUG-b'config t\r\nArista1(config)'
2020-07-20 05:06:11,003-DEBUG-b'config t\r\nArista1(config)'
2020-07-20 05:06:11,054-DEBUG-b'config t\r\nArista1(config)'
2020-07-20 05:06:11,108-DEBUG-b'config t\r\nArista1(config)'
2020-07-20 05:06:11,164-DEBUG-b'config t\r\nArista1(config)'
2020-07-20 05:06:11,214-DEBUG-b'config t\r\nArista1(config)'
2020-07-20 05:06:11,267-DEBUG-b'config t\r\nArista1(config)'
2020-07-20 05:06:11,318-DEBUG-b'config t\r\nArista1(config)'
2020-07-20 05:06:11,368-DEBUG-b'config t\r\nArista1(config)'
2020-07-20 05:06:11,419-DEBUG-b'config t\r\nArista1(config)'
2020-07-20 05:06:11,470-DEBUG-b'config t\r\nArista1(config)'
2020-07-20 05:06:11,527-DEBUG-b'config t\r\nArista1(config)'
2020-07-20 05:06:11,577-DEBUG-b'config t\r\nArista1(config)'
2020-07-20 05:06:11,637-DEBUG-b'config t\r\nArista1(config)'
2020-07-20 05:06:11,743-DEBUG-b'vlan 1\r\nArista1(config-vlan-1)'
2020-07-20 05:06:11,795-DEBUG-b'vlan 2\r\nArista1(config-vlan-2)'
2020-07-20 05:06:11,903-DEBUG-###### __main__ runs 3.4131792389998736 #####
2020-07-20 05:06:40,511-DEBUG-b'\r'
2020-07-20 05:06:41,351-DEBUG-b': \r\nLast login: Mon Jul 20 04:04:33 2020 from 192.168.0.101\r\r\n\x1b[5nArista1'
2020-07-20 05:06:41,413-DEBUG-b'enable\r\nArista1'
2020-07-20 05:06:41,509-DEBUG-b'term len 0\r\nPagination disabled.\r\nArista1'
2020-07-20 05:06:41,755-DEBUG-b'config t\r\nArista1(config)'
2020-07-20 05:06:41,806-DEBUG-b'config t\r\nArista1(config)'
2020-07-20 05:06:41,859-DEBUG-b'config t\r\nArista1(config)'
2020-07-20 05:06:41,910-DEBUG-b'config t\r\nArista1(config)'
2020-07-20 05:06:41,960-DEBUG-b'config t\r\nArista1(config)'
2020-07-20 05:06:42,011-DEBUG-b'config t\r\nArista1(config)'
2020-07-20 05:06:42,062-DEBUG-b'config t\r\nArista1(config)'
2020-07-20 05:06:42,118-DEBUG-b'config t\r\nArista1(config)'
2020-07-20 05:06:42,168-DEBUG-b'config t\r\nArista1(config)'
2020-07-20 05:06:42,220-DEBUG-b'config t\r\nArista1(config)'
2020-07-20 05:06:42,271-DEBUG-b'config t\r\nArista1(config)'
2020-07-20 05:06:42,322-DEBUG-b'config t\r\nArista1(config)'
2020-07-20 05:06:42,372-DEBUG-b'config t\r\nArista1(config)'
2020-07-20 05:06:42,425-DEBUG-b'config t\r\nArista1(config)'
2020-07-20 05:06:42,479-DEBUG-b'config t\r\nArista1(config)'
2020-07-20 05:06:42,530-DEBUG-b'config t\r\nArista1(config)'
2020-07-20 05:06:42,581-DEBUG-b'config t\r\nArista1(config)'
2020-07-20 05:06:42,633-DEBUG-b'config t\r\nArista1(config)'
2020-07-20 05:06:42,687-DEBUG-b'config t\r\nArista1(config)'
2020-07-20 05:06:42,738-DEBUG-b'config t\r\nArista1(config)'
2020-07-20 05:06:42,795-DEBUG-b'config t\r\nArista1(config)'
2020-07-20 05:06:42,897-DEBUG-b'vlan 1\r\nArista1(config-vlan-1)'
2020-07-20 05:06:42,948-DEBUG-b'vlan 2\r\nArista1(config-vlan-2)'
2020-07-20 05:06:43,050-DEBUG-###### __main__ runs 3.5450746259998596 Seconds #####
2020-07-20 05:07:09,877-DEBUG-b'\r'
2020-07-20 05:07:10,698-DEBUG-b': \r\nLast login: Mon Jul 20 04:05:03 2020 from 192.168.0.101\r\r\n\x1b[5nArista1'
2020-07-20 05:07:10,770-DEBUG-b'enable\r\nArista1'
2020-07-20 05:07:10,870-DEBUG-b'term len 0\r\nPagination disabled.\r\nArista1'
2020-07-20 05:07:10,968-DEBUG-b'config t\r\nArista1(config)'
2020-07-20 05:07:11,019-DEBUG-b'config t\r\nArista1(config)'
2020-07-20 05:07:11,070-DEBUG-b'config t\r\nArista1(config)'
2020-07-20 05:07:11,123-DEBUG-b'config t\r\nArista1(config)'
2020-07-20 05:07:11,186-DEBUG-b'config t\r\nArista1(config)'
2020-07-20 05:07:11,240-DEBUG-b'config t\r\nArista1(config)'
2020-07-20 05:07:11,292-DEBUG-b'config t\r\nArista1(config)'
2020-07-20 05:07:11,352-DEBUG-b'config t\r\nArista1(config)'
2020-07-20 05:07:11,403-DEBUG-b'config t\r\nArista1(config)'
2020-07-20 05:07:11,455-DEBUG-b'config t\r\nArista1(config)'
2020-07-20 05:07:11,505-DEBUG-b'config t\r\nArista1(config)'
2020-07-20 05:07:11,615-DEBUG-b'vlan 1\r\nArista1(config-vlan-1)'
2020-07-20 05:07:11,666-DEBUG-b'vlan 2\r\nArista1(config-vlan-2)'
2020-07-20 05:07:11,770-DEBUG-###### __main__ runs 2.869213458000104 Seconds #####
2020-07-20 05:08:09,333-DEBUG-b'\r'
2020-07-20 05:08:10,140-DEBUG-b': \r\nLast login: Mon Jul 20 04:05:31 2020 from 192.168.0.101\r\r\n\x1b[5nArista1'
2020-07-20 05:08:10,201-DEBUG-b'enable\r\nArista1'
2020-07-20 05:08:10,303-DEBUG-b'term len 0\r\nPagination disabled.\r\nArista1'
2020-07-20 05:08:10,410-DEBUG-b'config t\r\nArista1(config)'
2020-07-20 05:08:10,461-DEBUG-b'config t\r\nArista1(config)'
2020-07-20 05:08:10,513-DEBUG-b'config t\r\nArista1(config)'
2020-07-20 05:08:10,565-DEBUG-b'config t\r\nArista1(config)'
2020-07-20 05:08:10,615-DEBUG-b'config t\r\nArista1(config)'
2020-07-20 05:08:10,666-DEBUG-b'config t\r\nArista1(config)'
2020-07-20 05:08:10,719-DEBUG-b'config t\r\nArista1(config)'
2020-07-20 05:08:10,772-DEBUG-b'config t\r\nArista1(config)'
2020-07-20 05:08:10,826-DEBUG-b'config t\r\nArista1(config)'
2020-07-20 05:08:10,876-DEBUG-b'config t\r\nArista1(config)'
2020-07-20 05:08:10,926-DEBUG-b'config t\r\nArista1(config)'
2020-07-20 05:08:11,043-DEBUG-b'show vlan 1\r\nVLAN  Name                             Status    Ports\r\n----- -------------------------------- --------- -------------------------------\r\n1     default                          active   \r\n\r\nArista1(config)'
2020-07-20 05:08:11,094-DEBUG-b'show vlan 2\r\nshow vlan 3\r\nVLAN  Name                             Status    Ports\r\n----- -------------------------------- --------- -------------------------------\r\n2     VLAN0002                         active   \r\n\r\nArista1(config)'
2020-07-20 05:08:11,198-DEBUG-###### __main__ runs 2.8736556349999773 Seconds #####
2020-07-20 05:08:48,067-DEBUG-b'\r'
2020-07-20 05:08:48,921-DEBUG-b': \r\nLast login: Mon Jul 20 04:06:28 2020 from 192.168.0.101\r\r\n\x1b[5nArista1'
2020-07-20 05:08:48,994-DEBUG-b'enable\r\nArista1'
2020-07-20 05:08:49,096-DEBUG-b'term len 0\r\nPagination disabled.\r\nArista1'
2020-07-20 05:08:49,211-DEBUG-b'config t\r\nArista1(config)'
2020-07-20 05:08:49,274-DEBUG-b'config t\r\nArista1(config)'
2020-07-20 05:08:49,325-DEBUG-b'config t\r\nArista1(config)'
2020-07-20 05:08:49,376-DEBUG-b'config t\r\nArista1(config)'
2020-07-20 05:08:49,427-DEBUG-b'config t\r\nArista1(config)'
2020-07-20 05:08:49,478-DEBUG-b'config t\r\nArista1(config)'
2020-07-20 05:08:49,528-DEBUG-b'config t\r\nArista1(config)'
2020-07-20 05:08:49,579-DEBUG-b'config t\r\nArista1(config)'
2020-07-20 05:08:49,630-DEBUG-b'config t\r\nArista1(config)'
2020-07-20 05:08:49,681-DEBUG-b'config t\r\nArista1(config)'
2020-07-20 05:08:49,732-DEBUG-b'config t\r\nArista1(config)'
2020-07-20 05:08:49,838-DEBUG-b'no vlan 1\r\nArista1(config)'
2020-07-20 05:08:49,890-DEBUG-b'no vlan 2\r\nArista1(config)'
2020-07-20 05:08:49,995-DEBUG-###### __main__ runs 2.9603272660001494 Seconds #####
2020-07-21 05:30:23,229--DEBUG-->b'\r'--55
2020-07-21 05:30:24,042--DEBUG-->b': \r\nLast login: Tue Jul 21 04:28:11 2020 from 192.168.0.101\r\r\n\x1b[5nArista1'--73
2020-07-21 05:30:24,106--DEBUG-->b'enable\r\nArista1'--95
2020-07-21 05:30:24,203--DEBUG-->b'term len 0\r\nPagination disabled.\r\nArista1'--121
2020-07-21 05:30:24,305--DEBUG-->b'config t\r\nArista1(config)'--143
2020-07-21 05:30:24,362--DEBUG-->b'config t\r\nArista1(config)'--178
2020-07-21 05:30:24,413--DEBUG-->b'config t\r\nArista1(config)'--178
2020-07-21 05:30:24,464--DEBUG-->b'config t\r\nArista1(config)'--178
2020-07-21 05:30:24,519--DEBUG-->b'config t\r\nArista1(config)'--178
2020-07-21 05:30:24,573--DEBUG-->b'config t\r\nArista1(config)'--178
2020-07-21 05:30:24,625--DEBUG-->b'config t\r\nArista1(config)'--178
2020-07-21 05:30:24,681--DEBUG-->b'config t\r\nArista1(config)'--178
2020-07-21 05:30:24,732--DEBUG-->b'config t\r\nArista1(config)'--178
2020-07-21 05:30:24,784--DEBUG-->b'config t\r\nArista1(config)'--178
2020-07-21 05:30:24,837--DEBUG-->b'config t\r\nArista1(config)'--178
2020-07-21 05:30:24,940--DEBUG-->b'no vlan 1\r\nArista1(config)'--195
2020-07-21 05:30:25,005--DEBUG-->b'no vlan 2\r\nArista1(config)'--211
2020-07-21 05:30:25,116--DEBUG-->###### __main__ runs 2.9013974330000565 Seconds #####--221
2020-07-21 05:31:40,232--DEBUG:55-->b'\r'
2020-07-21 05:31:41,025--DEBUG:73-->b': \r\nLast login: Tue Jul 21 04:30:19 2020 from 192.168.0.101\r\r\n\x1b[5nArista1'
2020-07-21 05:31:41,088--DEBUG:95-->b'enable\r\nArista1'
2020-07-21 05:31:41,188--DEBUG:121-->b'term len 0\r\nPagination disabled.\r\nArista1'
2020-07-21 05:31:41,287--DEBUG:143-->b'config t\r\nArista1(config)'
2020-07-21 05:31:41,338--DEBUG:165-->b'config t\r\nArista1(config)'
2020-07-21 05:31:41,389--DEBUG:165-->b'config t\r\nArista1(config)'
2020-07-21 05:31:41,441--DEBUG:165-->b'config t\r\nArista1(config)'
2020-07-21 05:31:41,493--DEBUG:165-->b'config t\r\nArista1(config)'
2020-07-21 05:31:41,543--DEBUG:165-->b'config t\r\nArista1(config)'
2020-07-21 05:31:41,596--DEBUG:165-->b'config t\r\nArista1(config)'
2020-07-21 05:31:41,646--DEBUG:165-->b'config t\r\nArista1(config)'
2020-07-21 05:31:41,700--DEBUG:165-->b'config t\r\nArista1(config)'
2020-07-21 05:31:41,753--DEBUG:165-->b'config t\r\nArista1(config)'
2020-07-21 05:31:41,810--DEBUG:165-->b'config t\r\nArista1(config)'
2020-07-21 05:31:41,861--DEBUG:178-->b'config t\r\nArista1(config)'
2020-07-21 05:31:41,925--DEBUG:178-->b'config t\r\nArista1(config)'
2020-07-21 05:31:41,978--DEBUG:178-->b'config t\r\nArista1(config)'
2020-07-21 05:31:42,029--DEBUG:178-->b'config t\r\nArista1(config)'
2020-07-21 05:31:42,082--DEBUG:178-->b'config t\r\nArista1(config)'
2020-07-21 05:31:42,139--DEBUG:178-->b'config t\r\nArista1(config)'
2020-07-21 05:31:42,192--DEBUG:178-->b'config t\r\nArista1(config)'
2020-07-21 05:31:42,252--DEBUG:178-->b'config t\r\nArista1(config)'
2020-07-21 05:31:42,305--DEBUG:178-->b'config t\r\nArista1(config)'
2020-07-21 05:31:42,355--DEBUG:178-->b'config t\r\nArista1(config)'
2020-07-21 05:31:42,463--DEBUG:195-->b'vlan 1\r\nArista1(config-vlan-1)'
2020-07-21 05:31:42,527--DEBUG:211-->b'vlan 2\r\nArista1(config-vlan-2)'
2020-07-21 05:31:42,632--DEBUG:221-->###### __main__ runs 3.4357613130000573 Seconds #####
